Using pre-set license
Built from '2020.3/release' branch; Version is '2020.3.1f1 (77a89f25062f) revision 7841951'; Using compiler version '192528614'; Build Type 'Release'
OS: 'Windows 10 Home Single Language; OS build 19043.1165; Version 2009; 64bit' Language: 'ru' Physical Memory: 8120 MB
BatchMode: 1, IsHumanControllingUs: 0, StartBugReporterOnCrash: 0, Is64bit: 1, IsPro: 0

 COMMAND LINE ARGUMENTS:
C:\Program Files\Unity\Hub\Editor\2020.3.1f1\Editor\Unity.exe
-adb2
-batchMode
-noUpm
-name
AssetImportWorker0
-projectPath
C:/Users/recon/OneDrive/Documents/GitHub/SlickSausage-Unity
-logFile
Logs/AssetImportWorker0.log
-srvPort
61514
Successfully changed project path to: C:/Users/recon/OneDrive/Documents/GitHub/SlickSausage-Unity
C:/Users/recon/OneDrive/Documents/GitHub/SlickSausage-Unity
Using Asset Import Pipeline V2.
Refreshing native plugins compatible for Editor in 25.69 ms, found 1 plugins.
Preloading 0 native plugins for Editor in 0.00 ms.
Initialize engine version: 2020.3.1f1 (77a89f25062f)
[Subsystems] Discovering subsystems at path C:/Program Files/Unity/Hub/Editor/2020.3.1f1/Editor/Data/Resources/UnitySubsystems
[Subsystems] Discovering subsystems at path C:/Users/recon/OneDrive/Documents/GitHub/SlickSausage-Unity/Assets
GfxDevice: creating device client; threaded=0
Direct3D:
    Version:  Direct3D 11.0 [level 11.1]
    Renderer: NVIDIA GeForce GTX 1660 (ID=0x2184)
    Vendor:   
    VRAM:     5991 MB
    Driver:   27.21.14.6089
Initialize mono
Mono path[0] = 'C:/Program Files/Unity/Hub/Editor/2020.3.1f1/Editor/Data/Managed'
Mono path[1] = 'C:/Program Files/Unity/Hub/Editor/2020.3.1f1/Editor/Data/MonoBleedingEdge/lib/mono/unityjit'
Mono config path = 'C:/Program Files/Unity/Hub/Editor/2020.3.1f1/Editor/Data/MonoBleedingEdge/etc'
Using monoOptions --debugger-agent=transport=dt_socket,embedding=1,server=y,suspend=n,address=127.0.0.1:56184
Begin MonoManager ReloadAssembly
Registering precompiled unity dll's ...
Register platform support module: C:/Program Files/Unity/Hub/Editor/2020.3.1f1/Editor/Data/PlaybackEngines/WindowsStandaloneSupport/UnityEditor.WindowsStandalone.Extensions.dll
Registered in 0.002378 seconds.
Native extension for WindowsStandalone target not found
Refreshing native plugins compatible for Editor in 27.21 ms, found 1 plugins.
Preloading 0 native plugins for Editor in 0.00 ms.
Invoked RoslynAnalysisRunner static constructor.
RoslynAnalysisRunner will not be running.
RoslynAnalysisRunner has terminated.
Mono: successfully reloaded assembly
- Completed reload, in  1.835 seconds
Platform modules already initialized, skipping
Registering precompiled user dll's ...
Registered in 0.001214 seconds.
Begin MonoManager ReloadAssembly
Native extension for WindowsStandalone target not found
Refreshing native plugins compatible for Editor in 0.28 ms, found 1 plugins.
Preloading 0 native plugins for Editor in 0.00 ms.
Invoked RoslynAnalysisRunner static constructor.
RoslynAnalysisRunner will not be running.
RoslynAnalysisRunner has terminated.
Mono: successfully reloaded assembly
- Completed reload, in  0.870 seconds
Platform modules already initialized, skipping
========================================================================
Worker process is ready to serve import requests
Launched and connected shader compiler UnityShaderCompiler.exe after 0.05 seconds
Refreshing native plugins compatible for Editor in 0.26 ms, found 1 plugins.
Preloading 0 native plugins for Editor in 0.00 ms.
Unloading 1381 Unused Serialized files (Serialized files now loaded: 0)
System memory in use before: 68.5 MB.
System memory in use after: 68.6 MB.

Unloading 12 unused Assets to reduce memory usage. Loaded Objects now: 1821.
Total: 1.793000 ms (FindLiveObjects: 0.145000 ms CreateObjectMapping: 0.042800 ms MarkObjects: 1.544800 ms  DeleteObjects: 0.059500 ms)

========================================================================
Received Import Request.
  path: Assets/Scenes/SampleScene.unity
  artifactKey: Guid(9fc0d4010bbf28b4594072e72b8655ab) Importer(815301076,1909f56bfc062723c751e8b465ee728b)
Start importing Assets/Scenes/SampleScene.unity using Guid(9fc0d4010bbf28b4594072e72b8655ab) Importer(815301076,1909f56bfc062723c751e8b465ee728b)  -> (artifact id: '1983429f6d03367057f91af2203f8716') in 0.014245 seconds
  Import took 0.016555 seconds .

========================================================================
Received Import Request.
  Time since last request: 157.282953 seconds.
  path: Assets/Scripts
  artifactKey: Guid(07f453fdc71a572408e8affec8868f6f) Importer(815301076,1909f56bfc062723c751e8b465ee728b)
Start importing Assets/Scripts using Guid(07f453fdc71a572408e8affec8868f6f) Importer(815301076,1909f56bfc062723c751e8b465ee728b)  -> (artifact id: 'ea0a297f38bd6e9349f4476513dfd12c') in 0.006259 seconds
  Import took 0.008592 seconds .

========================================================================
Received Prepare
Registering precompiled user dll's ...
Registered in 0.000936 seconds.
Begin MonoManager ReloadAssembly
Native extension for WindowsStandalone target not found
Refreshing native plugins compatible for Editor in 0.26 ms, found 1 plugins.
Preloading 0 native plugins for Editor in 0.00 ms.
Invoked RoslynAnalysisRunner static constructor.
RoslynAnalysisRunner will not be running.
RoslynAnalysisRunner has terminated.
Mono: successfully reloaded assembly
- Completed reload, in  1.003 seconds
Platform modules already initialized, skipping
Switching build target platform(5) subTarget(0) extendedPlatform(0) -> platform(13) subTarget(537395200) extendedPlatform(0)
Refreshing native plugins compatible for Editor in 0.27 ms, found 1 plugins.
Preloading 0 native plugins for Editor in 0.00 ms.
Unloading 1348 Unused Serialized files (Serialized files now loaded: 0)
System memory in use before: 66.0 MB.
System memory in use after: 66.1 MB.

Unloading 7 unused Assets to reduce memory usage. Loaded Objects now: 1825.
Total: 1.485600 ms (FindLiveObjects: 0.155800 ms CreateObjectMapping: 0.045100 ms MarkObjects: 1.266000 ms  DeleteObjects: 0.017100 ms)

AssetImportParameters requested are different than current active one (requested -> active):
  custom:graphics/normal-map-encoding: 01000000000000000000000000000000 -> 02000000000000000000000000000000
========================================================================
Received Import Request.
  Time since last request: 12.947695 seconds.
  path: Assets/Scripts/VoxelData.cs
  artifactKey: Guid(eb9da8abcb5b7144495cd734dbc07566) Importer(815301076,1909f56bfc062723c751e8b465ee728b)
Start importing Assets/Scripts/VoxelData.cs using Guid(eb9da8abcb5b7144495cd734dbc07566) Importer(815301076,1909f56bfc062723c751e8b465ee728b)  -> (artifact id: 'cb5210a13dfa97fd02007f6533be8a7e') in 0.051725 seconds
  Import took 0.054055 seconds .

========================================================================
Received Prepare
Registering precompiled user dll's ...
Registered in 0.000952 seconds.
Begin MonoManager ReloadAssembly
Native extension for WindowsStandalone target not found
Refreshing native plugins compatible for Editor in 0.25 ms, found 1 plugins.
Preloading 0 native plugins for Editor in 0.00 ms.
Invoked RoslynAnalysisRunner static constructor.
RoslynAnalysisRunner will not be running.
RoslynAnalysisRunner has terminated.
Mono: successfully reloaded assembly
- Completed reload, in  0.716 seconds
Platform modules already initialized, skipping
Switching build target platform(5) subTarget(0) extendedPlatform(0) -> platform(13) subTarget(537395200) extendedPlatform(0)
Refreshing native plugins compatible for Editor in 0.24 ms, found 1 plugins.
Preloading 0 native plugins for Editor in 0.00 ms.
Unloading 1348 Unused Serialized files (Serialized files now loaded: 0)
System memory in use before: 66.0 MB.
System memory in use after: 66.1 MB.

Unloading 7 unused Assets to reduce memory usage. Loaded Objects now: 1828.
Total: 1.585200 ms (FindLiveObjects: 0.224900 ms CreateObjectMapping: 0.048600 ms MarkObjects: 1.286800 ms  DeleteObjects: 0.011200 ms)

AssetImportParameters requested are different than current active one (requested -> active):
  custom:graphics/normal-map-encoding: 01000000000000000000000000000000 -> 02000000000000000000000000000000
========================================================================
Received Prepare
Registering precompiled user dll's ...
Registered in 0.001277 seconds.
Begin MonoManager ReloadAssembly
Native extension for WindowsStandalone target not found
Refreshing native plugins compatible for Editor in 0.26 ms, found 1 plugins.
Preloading 0 native plugins for Editor in 0.00 ms.
Invoked RoslynAnalysisRunner static constructor.
RoslynAnalysisRunner will not be running.
RoslynAnalysisRunner has terminated.
Mono: successfully reloaded assembly
- Completed reload, in  0.771 seconds
Platform modules already initialized, skipping
Switching build target platform(5) subTarget(0) extendedPlatform(0) -> platform(13) subTarget(537395200) extendedPlatform(0)
Refreshing native plugins compatible for Editor in 0.30 ms, found 1 plugins.
Preloading 0 native plugins for Editor in 0.00 ms.
Unloading 1348 Unused Serialized files (Serialized files now loaded: 0)
System memory in use before: 66.0 MB.
System memory in use after: 66.1 MB.

Unloading 7 unused Assets to reduce memory usage. Loaded Objects now: 1831.
Total: 1.921400 ms (FindLiveObjects: 0.185500 ms CreateObjectMapping: 0.048100 ms MarkObjects: 1.671300 ms  DeleteObjects: 0.015100 ms)

AssetImportParameters requested are different than current active one (requested -> active):
  custom:graphics/normal-map-encoding: 01000000000000000000000000000000 -> 02000000000000000000000000000000
========================================================================
Received Import Request.
  Time since last request: 280.504791 seconds.
  path: Assets/Scripts/VoxelData.cs
  artifactKey: Guid(eb9da8abcb5b7144495cd734dbc07566) Importer(815301076,1909f56bfc062723c751e8b465ee728b)
Start importing Assets/Scripts/VoxelData.cs using Guid(eb9da8abcb5b7144495cd734dbc07566) Importer(815301076,1909f56bfc062723c751e8b465ee728b)  -> (artifact id: 'c504028eb111374a7c7d17c35538cd39') in 0.007654 seconds
  Import took 0.009957 seconds .

========================================================================
Received Import Request.
  Time since last request: 17.815339 seconds.
  path: Assets/Scripts/VoxelRender.cs
  artifactKey: Guid(df8736591a260d3449ed831c57c23809) Importer(815301076,1909f56bfc062723c751e8b465ee728b)
Start importing Assets/Scripts/VoxelRender.cs using Guid(df8736591a260d3449ed831c57c23809) Importer(815301076,1909f56bfc062723c751e8b465ee728b)  -> (artifact id: '54ae73f3f6888eed32eabf0865f7e341') in 0.009407 seconds
  Import took 0.012024 seconds .

========================================================================
Received Prepare
Registering precompiled user dll's ...
Registered in 0.001201 seconds.
Begin MonoManager ReloadAssembly
Native extension for WindowsStandalone target not found
Refreshing native plugins compatible for Editor in 0.27 ms, found 1 plugins.
Preloading 0 native plugins for Editor in 0.00 ms.
Invoked RoslynAnalysisRunner static constructor.
RoslynAnalysisRunner will not be running.
RoslynAnalysisRunner has terminated.
Mono: successfully reloaded assembly
- Completed reload, in  0.806 seconds
Platform modules already initialized, skipping
Switching build target platform(5) subTarget(0) extendedPlatform(0) -> platform(13) subTarget(537395200) extendedPlatform(0)
Refreshing native plugins compatible for Editor in 0.26 ms, found 1 plugins.
Preloading 0 native plugins for Editor in 0.00 ms.
Unloading 1349 Unused Serialized files (Serialized files now loaded: 0)
System memory in use before: 66.1 MB.
System memory in use after: 66.2 MB.

Unloading 7 unused Assets to reduce memory usage. Loaded Objects now: 1835.
Total: 1.704600 ms (FindLiveObjects: 0.264900 ms CreateObjectMapping: 0.056700 ms MarkObjects: 1.365600 ms  DeleteObjects: 0.015900 ms)

AssetImportParameters requested are different than current active one (requested -> active):
  custom:graphics/normal-map-encoding: 01000000000000000000000000000000 -> 02000000000000000000000000000000
========================================================================
Received Import Request.
  Time since last request: 1035.327460 seconds.
  path: Assets/Scripts/VoxelRender.cs
  artifactKey: Guid(df8736591a260d3449ed831c57c23809) Importer(815301076,1909f56bfc062723c751e8b465ee728b)
Start importing Assets/Scripts/VoxelRender.cs using Guid(df8736591a260d3449ed831c57c23809) Importer(815301076,1909f56bfc062723c751e8b465ee728b)  -> (artifact id: '9c4b5364c1d6637e10726ccf1c53629e') in 0.007908 seconds
  Import took 0.010429 seconds .

========================================================================
Received Import Request.
  Time since last request: 74.660282 seconds.
  path: Assets/Scripts/CubeMeshData.cs
  artifactKey: Guid(494cb7a440b591a429ef9b0a94890271) Importer(815301076,1909f56bfc062723c751e8b465ee728b)
Start importing Assets/Scripts/CubeMeshData.cs using Guid(494cb7a440b591a429ef9b0a94890271) Importer(815301076,1909f56bfc062723c751e8b465ee728b)  -> (artifact id: '5b08e84f9a537d90c3499ed89214a6b1') in 0.009456 seconds
  Import took 0.011858 seconds .

========================================================================
Received Import Request.
  Time since last request: 361.010502 seconds.
  path: Assets/Scripts/CubeMeshData.cs
  artifactKey: Guid(494cb7a440b591a429ef9b0a94890271) Importer(815301076,1909f56bfc062723c751e8b465ee728b)
Start importing Assets/Scripts/CubeMeshData.cs using Guid(494cb7a440b591a429ef9b0a94890271) Importer(815301076,1909f56bfc062723c751e8b465ee728b)  -> (artifact id: '1b1ebccb58307c72c442a58cd2d172f8') in 0.005021 seconds
  Import took 0.008630 seconds .

========================================================================
Received Import Request.
  Time since last request: 70.296289 seconds.
  path: Assets/Scripts/CubeMeshData.cs
  artifactKey: Guid(494cb7a440b591a429ef9b0a94890271) Importer(815301076,1909f56bfc062723c751e8b465ee728b)
Start importing Assets/Scripts/CubeMeshData.cs using Guid(494cb7a440b591a429ef9b0a94890271) Importer(815301076,1909f56bfc062723c751e8b465ee728b)  -> (artifact id: '05793427d09e79364c679ab0a24c7fdd') in 0.005208 seconds
  Import took 0.008356 seconds .

========================================================================
Received Prepare
Registering precompiled user dll's ...
Registered in 0.001502 seconds.
Begin MonoManager ReloadAssembly
Native extension for WindowsStandalone target not found
Refreshing native plugins compatible for Editor in 0.25 ms, found 1 plugins.
Preloading 0 native plugins for Editor in 0.00 ms.
Invoked RoslynAnalysisRunner static constructor.
RoslynAnalysisRunner will not be running.
RoslynAnalysisRunner has terminated.
Mono: successfully reloaded assembly
- Completed reload, in  0.764 seconds
Platform modules already initialized, skipping
Switching build target platform(5) subTarget(0) extendedPlatform(0) -> platform(13) subTarget(537395200) extendedPlatform(0)
Refreshing native plugins compatible for Editor in 0.26 ms, found 1 plugins.
Preloading 0 native plugins for Editor in 0.00 ms.
Unloading 1350 Unused Serialized files (Serialized files now loaded: 0)
System memory in use before: 66.1 MB.
System memory in use after: 66.2 MB.

Unloading 7 unused Assets to reduce memory usage. Loaded Objects now: 1839.
Total: 1.848700 ms (FindLiveObjects: 0.182600 ms CreateObjectMapping: 0.056200 ms MarkObjects: 1.595400 ms  DeleteObjects: 0.013200 ms)

AssetImportParameters requested are different than current active one (requested -> active):
  custom:graphics/normal-map-encoding: 01000000000000000000000000000000 -> 02000000000000000000000000000000
========================================================================
Received Import Request.
  Time since last request: 65.565215 seconds.
  path: Assets/Scripts/CubeMeshData.cs
  artifactKey: Guid(494cb7a440b591a429ef9b0a94890271) Importer(815301076,1909f56bfc062723c751e8b465ee728b)
Start importing Assets/Scripts/CubeMeshData.cs using Guid(494cb7a440b591a429ef9b0a94890271) Importer(815301076,1909f56bfc062723c751e8b465ee728b)  -> (artifact id: '6171ca5eaa18f621772a075fbd24d4e3') in 0.005875 seconds
  Import took 0.009234 seconds .

========================================================================
Received Import Request.
  Time since last request: 47.709185 seconds.
  path: Assets/NGUI/Examples/Materials/Backdrop.mat
  artifactKey: Guid(6c2b3cc909d408944b7528b7e39f4d38) Importer(815301076,1909f56bfc062723c751e8b465ee728b)
Start importing Assets/NGUI/Examples/Materials/Backdrop.mat using Guid(6c2b3cc909d408944b7528b7e39f4d38) Importer(815301076,1909f56bfc062723c751e8b465ee728b)  -> (artifact id: '094655eecca08b7e743f2f5f0047bc8f') in 0.139989 seconds
  Import took 0.142985 seconds .

========================================================================
Received Import Request.
  Time since last request: 0.000273 seconds.
  path: Assets/NGUI/Examples/Models/Orc/Orc Skin.mat
  artifactKey: Guid(82ca0ae319ab64341b8336b689389d6b) Importer(815301076,1909f56bfc062723c751e8b465ee728b)
Start importing Assets/NGUI/Examples/Models/Orc/Orc Skin.mat using Guid(82ca0ae319ab64341b8336b689389d6b) Importer(815301076,1909f56bfc062723c751e8b465ee728b)  -> (artifact id: '8256eda6c83a9accc4d44600e6718995') in 0.212485 seconds
  Import took 0.215892 seconds .

========================================================================
Received Import Request.
  Time since last request: 0.000257 seconds.
  path: Assets/NGUI/Examples/Materials/burlap.mat
  artifactKey: Guid(19fb2eefdd5dffc40926407f1e877f90) Importer(815301076,1909f56bfc062723c751e8b465ee728b)
Start importing Assets/NGUI/Examples/Materials/burlap.mat using Guid(19fb2eefdd5dffc40926407f1e877f90) Importer(815301076,1909f56bfc062723c751e8b465ee728b)  -> (artifact id: '824e79a4bd1657579b4ed6557f16bdbd') in 0.105015 seconds
  Import took 0.107945 seconds .

========================================================================
Received Import Request.
  Time since last request: 0.000208 seconds.
  path: Assets/Materials/Red.mat
  artifactKey: Guid(834f899b3688a0046a8f375d66344133) Importer(815301076,1909f56bfc062723c751e8b465ee728b)
Start importing Assets/Materials/Red.mat using Guid(834f899b3688a0046a8f375d66344133) Importer(815301076,1909f56bfc062723c751e8b465ee728b)  -> (artifact id: '8b54c590bc2dda7ef7b8c383776c1cbd') in 0.185791 seconds
  Import took 0.188544 seconds .

========================================================================
Received Import Request.
  Time since last request: 0.000237 seconds.
  path: Assets/NGUI/Examples/Atlases/Fantasy/Fantasy Atlas.mat
  artifactKey: Guid(e7ef61ebb5c25394c8706a7ea658349f) Importer(815301076,1909f56bfc062723c751e8b465ee728b)
Start importing Assets/NGUI/Examples/Atlases/Fantasy/Fantasy Atlas.mat using Guid(e7ef61ebb5c25394c8706a7ea658349f) Importer(815301076,1909f56bfc062723c751e8b465ee728b)  -> (artifact id: '04f9e68cb18631591c2f01130cc1afd9') in 0.055845 seconds
  Import took 0.058381 seconds .

========================================================================
Received Import Request.
  Time since last request: 0.000216 seconds.
  path: Assets/NGUI/Examples/Atlases/Refractive/Refractive Atlas.mat
  artifactKey: Guid(e76d0bdab6849b94aa507497bbb96687) Importer(815301076,1909f56bfc062723c751e8b465ee728b)
Start importing Assets/NGUI/Examples/Atlases/Refractive/Refractive Atlas.mat using Guid(e76d0bdab6849b94aa507497bbb96687) Importer(815301076,1909f56bfc062723c751e8b465ee728b)  -> (artifact id: '6844f2de7e37c119c0295e56559e4caf') in 0.150739 seconds
  Import took 0.152799 seconds .

========================================================================
Received Import Request.
  Time since last request: 0.000200 seconds.
  path: Assets/NGUI/Examples/Materials/brick.mat
  artifactKey: Guid(c91d13dd6a85732418472200f4abc68c) Importer(815301076,1909f56bfc062723c751e8b465ee728b)
Start importing Assets/NGUI/Examples/Materials/brick.mat using Guid(c91d13dd6a85732418472200f4abc68c) Importer(815301076,1909f56bfc062723c751e8b465ee728b)  -> (artifact id: '91ad55855d930263cf2746c154780a32') in 0.110947 seconds
  Import took 0.113564 seconds .

========================================================================
Received Import Request.
  Time since last request: 0.000212 seconds.
  path: Assets/NGUI/Examples/Atlases/SciFi/SciFi Atlas.mat
  artifactKey: Guid(d650d98b3c4028a4a8b7225c1a6482f8) Importer(815301076,1909f56bfc062723c751e8b465ee728b)
Start importing Assets/NGUI/Examples/Atlases/SciFi/SciFi Atlas.mat using Guid(d650d98b3c4028a4a8b7225c1a6482f8) Importer(815301076,1909f56bfc062723c751e8b465ee728b)  -> (artifact id: '4b27652835e065f37bd52c2a687d13e9') in 0.019219 seconds
  Import took 0.022317 seconds .

========================================================================
Received Import Request.
  Time since last request: 0.000202 seconds.
  path: Assets/NGUI/Examples/Materials/sand.mat
  artifactKey: Guid(a40a40a3e330dd64b88859d19e82b8ec) Importer(815301076,1909f56bfc062723c751e8b465ee728b)
Start importing Assets/NGUI/Examples/Materials/sand.mat using Guid(a40a40a3e330dd64b88859d19e82b8ec) Importer(815301076,1909f56bfc062723c751e8b465ee728b)  -> (artifact id: '97b9807a1e226935fadcb2c64f31b133') in 0.018782 seconds
  Import took 0.022106 seconds .

========================================================================
Received Import Request.
  Time since last request: 0.000357 seconds.
  path: Assets/NGUI/Examples/Models/Orc Armor/Orc Armor.mat
  artifactKey: Guid(67ee969cd76de204fabb3af9227ad2f3) Importer(815301076,1909f56bfc062723c751e8b465ee728b)
Start importing Assets/NGUI/Examples/Models/Orc Armor/Orc Armor.mat using Guid(67ee969cd76de204fabb3af9227ad2f3) Importer(815301076,1909f56bfc062723c751e8b465ee728b)  -> (artifact id: '700b01d4cae0f8825bd29f9efb4c73eb') in 0.130802 seconds
  Import took 0.133854 seconds .

========================================================================
Received Prepare
Registering precompiled user dll's ...
Registered in 0.001161 seconds.
Begin MonoManager ReloadAssembly
Native extension for WindowsStandalone target not found
Refreshing native plugins compatible for Editor in 0.31 ms, found 1 plugins.
Preloading 0 native plugins for Editor in 0.00 ms.
Invoked RoslynAnalysisRunner static constructor.
RoslynAnalysisRunner will not be running.
RoslynAnalysisRunner has terminated.
Mono: successfully reloaded assembly
- Completed reload, in  0.847 seconds
Platform modules already initialized, skipping
Switching build target platform(5) subTarget(0) extendedPlatform(0) -> platform(13) subTarget(537395200) extendedPlatform(0)
Refreshing native plugins compatible for Editor in 0.26 ms, found 1 plugins.
Preloading 0 native plugins for Editor in 0.00 ms.
Unloading 1350 Unused Serialized files (Serialized files now loaded: 0)
System memory in use before: 70.4 MB.
System memory in use after: 70.5 MB.

Unloading 7 unused Assets to reduce memory usage. Loaded Objects now: 1887.
Total: 1.637000 ms (FindLiveObjects: 0.177000 ms CreateObjectMapping: 0.055200 ms MarkObjects: 1.372400 ms  DeleteObjects: 0.031200 ms)

AssetImportParameters requested are different than current active one (requested -> active):
  custom:graphics/normal-map-encoding: 01000000000000000000000000000000 -> 02000000000000000000000000000000
========================================================================
Received Prepare
Registering precompiled user dll's ...
Registered in 0.001136 seconds.
Begin MonoManager ReloadAssembly
Native extension for WindowsStandalone target not found
Refreshing native plugins compatible for Editor in 0.26 ms, found 1 plugins.
Preloading 0 native plugins for Editor in 0.00 ms.
Invoked RoslynAnalysisRunner static constructor.
RoslynAnalysisRunner will not be running.
RoslynAnalysisRunner has terminated.
Mono: successfully reloaded assembly
- Completed reload, in  0.746 seconds
Platform modules already initialized, skipping
Switching build target platform(5) subTarget(0) extendedPlatform(0) -> platform(13) subTarget(537395200) extendedPlatform(0)
Refreshing native plugins compatible for Editor in 0.29 ms, found 1 plugins.
Preloading 0 native plugins for Editor in 0.00 ms.
Unloading 1350 Unused Serialized files (Serialized files now loaded: 0)
System memory in use before: 70.4 MB.
System memory in use after: 70.5 MB.

Unloading 7 unused Assets to reduce memory usage. Loaded Objects now: 1890.
Total: 2.466000 ms (FindLiveObjects: 0.495900 ms CreateObjectMapping: 0.164200 ms MarkObjects: 1.785800 ms  DeleteObjects: 0.017300 ms)

AssetImportParameters requested are different than current active one (requested -> active):
  custom:graphics/normal-map-encoding: 01000000000000000000000000000000 -> 02000000000000000000000000000000
========================================================================
Received Prepare
Registering precompiled user dll's ...
Registered in 0.001006 seconds.
Begin MonoManager ReloadAssembly
Native extension for WindowsStandalone target not found
Refreshing native plugins compatible for Editor in 0.27 ms, found 1 plugins.
Preloading 0 native plugins for Editor in 0.00 ms.
Invoked RoslynAnalysisRunner static constructor.
RoslynAnalysisRunner will not be running.
RoslynAnalysisRunner has terminated.
Mono: successfully reloaded assembly
- Completed reload, in  0.763 seconds
Platform modules already initialized, skipping
Switching build target platform(5) subTarget(0) extendedPlatform(0) -> platform(13) subTarget(537395200) extendedPlatform(0)
Refreshing native plugins compatible for Editor in 0.26 ms, found 1 plugins.
Preloading 0 native plugins for Editor in 0.00 ms.
Unloading 1350 Unused Serialized files (Serialized files now loaded: 0)
System memory in use before: 70.4 MB.
System memory in use after: 70.5 MB.

Unloading 7 unused Assets to reduce memory usage. Loaded Objects now: 1893.
Total: 1.660100 ms (FindLiveObjects: 0.236100 ms CreateObjectMapping: 0.055300 ms MarkObjects: 1.339300 ms  DeleteObjects: 0.028000 ms)

AssetImportParameters requested are different than current active one (requested -> active):
  custom:graphics/normal-map-encoding: 01000000000000000000000000000000 -> 02000000000000000000000000000000
========================================================================
Received Prepare
Registering precompiled user dll's ...
Registered in 0.000948 seconds.
Begin MonoManager ReloadAssembly
Native extension for WindowsStandalone target not found
Refreshing native plugins compatible for Editor in 0.30 ms, found 1 plugins.
Preloading 0 native plugins for Editor in 0.00 ms.
Invoked RoslynAnalysisRunner static constructor.
RoslynAnalysisRunner will not be running.
RoslynAnalysisRunner has terminated.
Mono: successfully reloaded assembly
- Completed reload, in  0.749 seconds
Platform modules already initialized, skipping
Switching build target platform(5) subTarget(0) extendedPlatform(0) -> platform(13) subTarget(537395200) extendedPlatform(0)
Refreshing native plugins compatible for Editor in 0.25 ms, found 1 plugins.
Preloading 0 native plugins for Editor in 0.00 ms.
Unloading 1350 Unused Serialized files (Serialized files now loaded: 0)
System memory in use before: 70.4 MB.
System memory in use after: 70.5 MB.

Unloading 7 unused Assets to reduce memory usage. Loaded Objects now: 1896.
Total: 1.600600 ms (FindLiveObjects: 0.190700 ms CreateObjectMapping: 0.049400 ms MarkObjects: 1.346600 ms  DeleteObjects: 0.012700 ms)

AssetImportParameters requested are different than current active one (requested -> active):
  custom:graphics/normal-map-encoding: 01000000000000000000000000000000 -> 02000000000000000000000000000000
========================================================================
Received Prepare
Registering precompiled user dll's ...
Registered in 0.001019 seconds.
Begin MonoManager ReloadAssembly
Native extension for WindowsStandalone target not found
Refreshing native plugins compatible for Editor in 0.25 ms, found 1 plugins.
Preloading 0 native plugins for Editor in 0.00 ms.
Invoked RoslynAnalysisRunner static constructor.
RoslynAnalysisRunner will not be running.
RoslynAnalysisRunner has terminated.
Mono: successfully reloaded assembly
- Completed reload, in  0.756 seconds
Platform modules already initialized, skipping
Switching build target platform(5) subTarget(0) extendedPlatform(0) -> platform(13) subTarget(537395200) extendedPlatform(0)
Refreshing native plugins compatible for Editor in 0.25 ms, found 1 plugins.
Preloading 0 native plugins for Editor in 0.00 ms.
Unloading 1350 Unused Serialized files (Serialized files now loaded: 0)
System memory in use before: 70.4 MB.
System memory in use after: 70.5 MB.

Unloading 7 unused Assets to reduce memory usage. Loaded Objects now: 1899.
Total: 1.511700 ms (FindLiveObjects: 0.171800 ms CreateObjectMapping: 0.043200 ms MarkObjects: 1.283700 ms  DeleteObjects: 0.011700 ms)

AssetImportParameters requested are different than current active one (requested -> active):
  custom:graphics/normal-map-encoding: 01000000000000000000000000000000 -> 02000000000000000000000000000000
